app/build/intermediates/manifest_merge_blame_file/debug/processDebugMainManifest/manifest-merger-blame-debug-report.txt
1<?xml version="1.0" encoding="utf-8"?>
2<manifest xmlns:android="http://schemas.android.com/apk/res/android"
3    package="com.food.foodmate"
4    android:versionCode="1"
5    android:versionName="1.0" >
6
7    <uses-sdk
8        android:minSdkVersion="24"
9        android:targetSdkVersion="34" />
10
11    <uses-feature
11-->src/main/AndroidManifest.xml:5:5-7:35
12        android:name="android.hardware.camera"
12-->src/main/AndroidManifest.xml:6:9-47
13        android:required="true" />
13-->src/main/AndroidManifest.xml:7:9-32
14    <uses-feature
14-->src/main/AndroidManifest.xml:8:5-10:36
15        android:name="android.hardware.telephony"
15-->src/main/AndroidManifest.xml:9:9-50
16        android:required="false" />
16-->src/main/AndroidManifest.xml:10:9-33
17
18    <uses-permission android:name="android.permission.INTERNET" />
18-->src/main/AndroidManifest.xml:12:5-66
18-->src/main/AndroidManifest.xml:12:22-64
19    <uses-permission android:name="android.permission.ACCESS_FINE_LOCATION" />
19-->src/main/AndroidManifest.xml:13:5-79
19-->src/main/AndroidManifest.xml:13:22-76
20    <uses-permission android:name="android.permission.ACCESS_COARSE_LOCATION" />
20-->src/main/AndroidManifest.xml:14:5-81
20-->src/main/AndroidManifest.xml:14:22-78
21    <uses-permission android:name="android.permission.CAMERA" />
21-->src/main/AndroidManifest.xml:15:5-65
21-->src/main/AndroidManifest.xml:15:22-62
22    <uses-permission android:name="android.permission.READ_CONTACTS" />
22-->src/main/AndroidManifest.xml:16:5-72
22-->src/main/AndroidManifest.xml:16:22-69
23    <uses-permission android:name="android.permission.READ_MEDIA_IMAGES" />
23-->src/main/AndroidManifest.xml:17:5-75
23-->src/main/AndroidManifest.xml:17:22-73
24    <uses-permission android:name="android.permission.WRITE_EXTERNAL_STORAGE" />
24-->src/main/AndroidManifest.xml:18:5-110
24-->src/main/AndroidManifest.xml:18:22-78
25    <uses-permission android:name="android.permission.READ_EXTERNAL_STORAGE" />
25-->src/main/AndroidManifest.xml:19:5-80
25-->src/main/AndroidManifest.xml:19:22-77
26    <uses-permission android:name="android.permission.CALL_PHONE" />
26-->src/main/AndroidManifest.xml:20:5-69
26-->src/main/AndroidManifest.xml:20:22-66
27
28    <!-- Include required permissions for Google Maps API to run. -->
29    <uses-permission android:name="android.permission.ACCESS_NETWORK_STATE" />
29-->[com.google.android.gms:play-services-maps:18.2.0] AndroidManifest.xml:23:5-79
29-->[com.google.android.gms:play-services-maps:18.2.0] AndroidManifest.xml:23:22-76
30
31    <uses-feature
31-->[com.google.android.gms:play-services-maps:18.2.0] AndroidManifest.xml:26:5-28:35
32        android:glEsVersion="0x00020000"
32-->[com.google.android.gms:play-services-maps:18.2.0] AndroidManifest.xml:27:9-41
33        android:required="true" />
33-->[com.google.android.gms:play-services-maps:18.2.0] AndroidManifest.xml:28:9-32
34
35    <queries>
35-->[com.google.android.gms:play-services-maps:18.2.0] AndroidManifest.xml:30:5-34:15
36
37        <!-- Needs to be explicitly declared on Android R+ -->
38        <package android:name="com.google.android.apps.maps" />
38-->[com.google.android.gms:play-services-maps:18.2.0] AndroidManifest.xml:33:9-64
38-->[com.google.android.gms:play-services-maps:18.2.0] AndroidManifest.xml:33:18-61
39    </queries> <!-- Optional permission for Analytics to run. -->
40    <uses-permission android:name="android.permission.WAKE_LOCK" />
40-->[com.google.android.gms:play-services-analytics-impl:18.2.0] AndroidManifest.xml:27:5-68
40-->[com.google.android.gms:play-services-analytics-impl:18.2.0] AndroidManifest.xml:27:22-65
41    <uses-permission android:name="com.food.foodmate.DYNAMIC_RECEIVER_NOT_EXPORTED_PERMISSION" />
41-->[com.google.android.gms:play-services-analytics-impl:18.2.0] AndroidManifest.xml:28:5-97
41-->[com.google.android.gms:play-services-analytics-impl:18.2.0] AndroidManifest.xml:28:22-94
42    <uses-permission android:name="com.google.android.gms.permission.AD_ID" />
42-->[com.google.android.gms:play-services-ads-identifier:18.1.0] AndroidManifest.xml:7:5-79
42-->[com.google.android.gms:play-services-ads-identifier:18.1.0] AndroidManifest.xml:7:22-76
43
44    <permission
44-->[androidx.core:core:1.15.0] AndroidManifest.xml:22:5-24:47
45        android:name="com.food.foodmate.DYNAMIC_RECEIVER_NOT_EXPORTED_PERMISSION"
45-->[androidx.core:core:1.15.0] AndroidManifest.xml:23:9-81
46        android:protectionLevel="signature" /> <!-- <meta-data -->
46-->[androidx.core:core:1.15.0] AndroidManifest.xml:24:9-44
47    <!-- android:name="com.google.android.geo.API_KEY" -->
48    <!-- android:value="@string/google_maps_key" /> -->
49    <application
49-->src/main/AndroidManifest.xml:27:5-69:19
50        android:name="com.food.foodmate.FoodMateApplication"
50-->src/main/AndroidManifest.xml:28:9-44
51        android:allowBackup="true"
51-->src/main/AndroidManifest.xml:30:9-35
52        android:appComponentFactory="androidx.core.app.CoreComponentFactory"
52-->[androidx.core:core:1.15.0] AndroidManifest.xml:28:18-86
53        android:dataExtractionRules="@xml/data_extraction_rules"
53-->src/main/AndroidManifest.xml:31:9-65
54        android:debuggable="true"
55        android:enableOnBackInvokedCallback="true"
55-->src/main/AndroidManifest.xml:29:9-51
56        android:extractNativeLibs="false"
57        android:fullBackupContent="@xml/backup_rules"
57-->src/main/AndroidManifest.xml:32:9-54
58        android:icon="@mipmap/ic_launcher"
58-->src/main/AndroidManifest.xml:33:9-43
59        android:label="@string/app_name"
59-->src/main/AndroidManifest.xml:34:9-41
60        android:networkSecurityConfig="@xml/network_security_config"
60-->src/main/AndroidManifest.xml:38:9-69
61        android:roundIcon="@mipmap/ic_launcher_round"
61-->src/main/AndroidManifest.xml:35:9-54
62        android:supportsRtl="true"
62-->src/main/AndroidManifest.xml:36:9-35
63        android:testOnly="true"
64        android:theme="@style/Theme.FoodMate"
64-->src/main/AndroidManifest.xml:37:9-46
65        android:usesCleartextTraffic="true"
65-->src/main/AndroidManifest.xml:39:9-44
66        android:windowSoftInputMode="adjustResize" >
66-->src/main/AndroidManifest.xml:40:9-51
67        <provider
68            android:name="androidx.core.content.FileProvider"
68-->src/main/AndroidManifest.xml:45:13-62
69            android:authorities="com.food.foodmate.provider"
69-->src/main/AndroidManifest.xml:46:13-60
70            android:exported="false"
70-->src/main/AndroidManifest.xml:48:13-37
71            android:grantUriPermissions="true" >
71-->src/main/AndroidManifest.xml:47:13-47
72            <meta-data
72-->src/main/AndroidManifest.xml:49:13-52:19
73                android:name="android.support.FILE_PROVIDER_PATHS"
73-->src/main/AndroidManifest.xml:50:17-67
74                android:resource="@xml/file_paths" />
74-->src/main/AndroidManifest.xml:51:17-51
75        </provider>
76
77        <meta-data
77-->src/main/AndroidManifest.xml:54:9-56:70
78            android:name="com.google.android.geo.API_KEY"
78-->src/main/AndroidManifest.xml:55:13-58
79            android:value="AIzaSyBQTdF6BRHK9HIOXNCDoShvLVMpxsYajaQ" />
79-->src/main/AndroidManifest.xml:56:13-68
80
81        <activity
81-->src/main/AndroidManifest.xml:59:9-68:20
82            android:name="com.food.foodmate.activity.MainActivity"
82-->src/main/AndroidManifest.xml:60:13-50
83            android:exported="true"
83-->src/main/AndroidManifest.xml:61:13-36
84            android:label="@string/app_name"
84-->src/main/AndroidManifest.xml:62:13-45
85            android:theme="@style/Theme.FoodMate" >
85-->src/main/AndroidManifest.xml:63:13-50
86            <intent-filter>
86-->src/main/AndroidManifest.xml:64:13-67:29
87                <action android:name="android.intent.action.MAIN" />
87-->src/main/AndroidManifest.xml:65:17-69
87-->src/main/AndroidManifest.xml:65:25-66
88
89                <category android:name="android.intent.category.LAUNCHER" />
89-->src/main/AndroidManifest.xml:66:17-77
89-->src/main/AndroidManifest.xml:66:27-74
90            </intent-filter>
91        </activity>
92        <!-- Needs to be explicitly declared on P+ -->
93        <uses-library
93-->[com.google.android.gms:play-services-maps:18.2.0] AndroidManifest.xml:39:9-41:40
94            android:name="org.apache.http.legacy"
94-->[com.google.android.gms:play-services-maps:18.2.0] AndroidManifest.xml:40:13-50
95            android:required="false" />
95-->[com.google.android.gms:play-services-maps:18.2.0] AndroidManifest.xml:41:13-37
96
97        <activity
97-->[com.google.android.gms:play-services-base:18.5.0] AndroidManifest.xml:5:9-173
98            android:name="com.google.android.gms.common.api.GoogleApiActivity"
98-->[com.google.android.gms:play-services-base:18.5.0] AndroidManifest.xml:5:19-85
99            android:exported="false"
99-->[com.google.android.gms:play-services-base:18.5.0] AndroidManifest.xml:5:146-170
100            android:theme="@android:style/Theme.Translucent.NoTitleBar" />
100-->[com.google.android.gms:play-services-base:18.5.0] AndroidManifest.xml:5:86-145
101
102        <meta-data
102-->[com.google.android.gms:play-services-basement:18.4.0] AndroidManifest.xml:6:9-122
103            android:name="com.google.android.gms.version"
103-->[com.google.android.gms:play-services-basement:18.4.0] AndroidManifest.xml:6:20-65
104            android:value="@integer/google_play_services_version" />
104-->[com.google.android.gms:play-services-basement:18.4.0] AndroidManifest.xml:6:66-119
105
106        <activity
106-->[androidx.compose.ui:ui-test-manifest:1.7.2] AndroidManifest.xml:23:9-25:39
107            android:name="androidx.activity.ComponentActivity"
107-->[androidx.compose.ui:ui-test-manifest:1.7.2] AndroidManifest.xml:24:13-63
108            android:exported="true" />
108-->[androidx.compose.ui:ui-test-manifest:1.7.2] AndroidManifest.xml:25:13-36
109        <activity
109-->[androidx.compose.ui:ui-tooling-android:1.7.2] AndroidManifest.xml:23:9-25:39
110            android:name="androidx.compose.ui.tooling.PreviewActivity"
110-->[androidx.compose.ui:ui-tooling-android:1.7.2] AndroidManifest.xml:24:13-71
111            android:exported="true" />
111-->[androidx.compose.ui:ui-tooling-android:1.7.2] AndroidManifest.xml:25:13-36
112
113        <provider
113-->[androidx.emoji2:emoji2:1.3.0] AndroidManifest.xml:24:9-32:20
114            android:name="androidx.startup.InitializationProvider"
114-->[androidx.emoji2:emoji2:1.3.0] AndroidManifest.xml:25:13-67
115            android:authorities="com.food.foodmate.androidx-startup"
115-->[androidx.emoji2:emoji2:1.3.0] AndroidManifest.xml:26:13-68
116            android:exported="false" >
116-->[androidx.emoji2:emoji2:1.3.0] AndroidManifest.xml:27:13-37
117            <meta-data
117-->[androidx.emoji2:emoji2:1.3.0] AndroidManifest.xml:29:13-31:52
118                android:name="androidx.emoji2.text.EmojiCompatInitializer"
118-->[androidx.emoji2:emoji2:1.3.0] AndroidManifest.xml:30:17-75
119                android:value="androidx.startup" />
119-->[androidx.emoji2:emoji2:1.3.0] AndroidManifest.xml:31:17-49
120            <meta-data
120-->[androidx.lifecycle:lifecycle-process:2.8.7] AndroidManifest.xml:29:13-31:52
121                android:name="androidx.lifecycle.ProcessLifecycleInitializer"
121-->[androidx.lifecycle:lifecycle-process:2.8.7] AndroidManifest.xml:30:17-78
122                android:value="androidx.startup" />
122-->[androidx.lifecycle:lifecycle-process:2.8.7] AndroidManifest.xml:31:17-49
123            <meta-data
123-->[androidx.profileinstaller:profileinstaller:1.4.0] AndroidManifest.xml:29:13-31:52
124                android:name="androidx.profileinstaller.ProfileInstallerInitializer"
124-->[androidx.profileinstaller:profileinstaller:1.4.0] AndroidManifest.xml:30:17-85
125                android:value="androidx.startup" />
125-->[androidx.profileinstaller:profileinstaller:1.4.0] AndroidManifest.xml:31:17-49
126        </provider>
127
128        <service
128-->[androidx.room:room-runtime:2.6.1] AndroidManifest.xml:24:9-28:63
129            android:name="androidx.room.MultiInstanceInvalidationService"
129-->[androidx.room:room-runtime:2.6.1] AndroidManifest.xml:25:13-74
130            android:directBootAware="true"
130-->[androidx.room:room-runtime:2.6.1] AndroidManifest.xml:26:13-43
131            android:exported="false" />
131-->[androidx.room:room-runtime:2.6.1] AndroidManifest.xml:27:13-37
132
133        <receiver
133-->[androidx.profileinstaller:profileinstaller:1.4.0] AndroidManifest.xml:34:9-52:20
134            android:name="androidx.profileinstaller.ProfileInstallReceiver"
134-->[androidx.profileinstaller:profileinstaller:1.4.0] AndroidManifest.xml:35:13-76
135            android:directBootAware="false"
135-->[androidx.profileinstaller:profileinstaller:1.4.0] AndroidManifest.xml:36:13-44
136            android:enabled="true"
136-->[androidx.profileinstaller:profileinstaller:1.4.0] AndroidManifest.xml:37:13-35
137            android:exported="true"
137-->[androidx.profileinstaller:profileinstaller:1.4.0] AndroidManifest.xml:38:13-36
138            android:permission="android.permission.DUMP" >
138-->[androidx.profileinstaller:profileinstaller:1.4.0] AndroidManifest.xml:39:13-57
139            <intent-filter>
139-->[androidx.profileinstaller:profileinstaller:1.4.0] AndroidManifest.xml:40:13-42:29
140                <action android:name="androidx.profileinstaller.action.INSTALL_PROFILE" />
140-->[androidx.profileinstaller:profileinstaller:1.4.0] AndroidManifest.xml:41:17-91
140-->[androidx.profileinstaller:profileinstaller:1.4.0] AndroidManifest.xml:41:25-88
141            </intent-filter>
142            <intent-filter>
142-->[androidx.profileinstaller:profileinstaller:1.4.0] AndroidManifest.xml:43:13-45:29
143                <action android:name="androidx.profileinstaller.action.SKIP_FILE" />
143-->[androidx.profileinstaller:profileinstaller:1.4.0] AndroidManifest.xml:44:17-85
143-->[androidx.profileinstaller:profileinstaller:1.4.0] AndroidManifest.xml:44:25-82
144            </intent-filter>
145            <intent-filter>
145-->[androidx.profileinstaller:profileinstaller:1.4.0] AndroidManifest.xml:46:13-48:29
146                <action android:name="androidx.profileinstaller.action.SAVE_PROFILE" />
146-->[androidx.profileinstaller:profileinstaller:1.4.0] AndroidManifest.xml:47:17-88
146-->[androidx.profileinstaller:profileinstaller:1.4.0] AndroidManifest.xml:47:25-85
147            </intent-filter>
148            <intent-filter>
148-->[androidx.profileinstaller:profileinstaller:1.4.0] AndroidManifest.xml:49:13-51:29
149                <action android:name="androidx.profileinstaller.action.BENCHMARK_OPERATION" />
149-->[androidx.profileinstaller:profileinstaller:1.4.0] AndroidManifest.xml:50:17-95
149-->[androidx.profileinstaller:profileinstaller:1.4.0] AndroidManifest.xml:50:25-92
150            </intent-filter>
151        </receiver> <!-- The minimal version code of ARCore APK required for an app using this SDK. -->
152        <meta-data
152-->[com.google.ar:core:1.15.0] AndroidManifest.xml:33:9-35:41
153            android:name="com.google.ar.core.min_apk_version"
153-->[com.google.ar:core:1.15.0] AndroidManifest.xml:34:13-62
154            android:value="191106000" /> <!-- This activity is critical for installing ARCore when it is not already present. -->
154-->[com.google.ar:core:1.15.0] AndroidManifest.xml:35:13-38
155        <activity
155-->[com.google.ar:core:1.15.0] AndroidManifest.xml:37:9-43:80
156            android:name="com.google.ar.core.InstallActivity"
156-->[com.google.ar:core:1.15.0] AndroidManifest.xml:38:13-62
157            android:configChanges="keyboardHidden|orientation|screenSize"
157-->[com.google.ar:core:1.15.0] AndroidManifest.xml:39:13-74
158            android:excludeFromRecents="true"
158-->[com.google.ar:core:1.15.0] AndroidManifest.xml:40:13-46
159            android:exported="false"
159-->[com.google.ar:core:1.15.0] AndroidManifest.xml:41:13-37
160            android:launchMode="singleTop"
160-->[com.google.ar:core:1.15.0] AndroidManifest.xml:42:13-43
161            android:theme="@android:style/Theme.Material.Light.Dialog.Alert" />
161-->[com.google.ar:core:1.15.0] AndroidManifest.xml:43:13-77
162    </application>
163
164</manifest>